<?xml version="1.0" encoding="UTF-8"?>
<!-- Generated by org.testng.reporters.JUnitXMLReporter -->
<testsuite ignored="0" hostname="DESKTOP-CE9JQAE" failures="0" tests="9" name="Default test" time="15.342" errors="0" timestamp="2024-11-27T21:15:28 IST">
  <testcase classname="com.TestCases.Tasks" name="navigateToFitpeoHomePage" time="3.632"/>
  <testcase classname="com.TestCases.Tasks" name="navigateToTheRevenueCalculatorPage" time="5.172"/>
  <testcase classname="com.TestCases.Tasks" name="scrollDownToTheSliderSection" time="0.024"/>
  <testcase classname="com.TestCases.Tasks" name="adjustingSliderValueTo816" time="0.58"/>
  <testcase classname="com.TestCases.Tasks" name="upadatingTextFieldValueTo560" time="1.037"/>
  <testcase classname="com.TestCases.Tasks" name="validatingTheSliderValue" time="0.047"/>
  <testcase classname="com.TestCases.Tasks" name="selectingTheCPTCodes" time="1.027"/>
  <testcase classname="com.TestCases.Tasks" name="validateTotalRecurringReimbursement" time="0.096"/>
  <testcase classname="com.TestCases.Tasks" name="verifyingTotalRecurringReimbursementis$110700" time="0.036"/>
</testsuite> <!-- Default test -->
